<?xml version="1.0" encoding="UTF-8"?>
<!-- Generated by org.testng.reporters.JUnitReportReporter -->
<testsuite hostname="DESKTOP-FIMAR15" failures="0" tests="1" name="com.nopcommerce.ReadConfigFile" time="57.915" errors="0" timestamp="2024-07-17T14:32:48 PDT" skipped="0">
  <testcase classname="com.nopcommerce.ReadConfigFile" name="test1" time="57.915"/>
</testsuite> <!-- com.nopcommerce.ReadConfigFile -->
