<?xml version="1.0" encoding="UTF-8"?>
<!-- Generated by org.testng.reporters.JUnitReportReporter -->
<testsuite hostname="DESKTOP-FIMAR15" failures="0" tests="1" name="com.nopcommerce.Product_Test" time="3.790" errors="0" timestamp="2024-07-26T17:51:20 IST" skipped="0">
  <testcase classname="com.nopcommerce.Product_Test" name="ClickLogin" time="3.790"/>
</testsuite> <!-- com.nopcommerce.Product_Test -->
