<?xml version="1.0" encoding="UTF-8"?>
<!-- Generated by org.testng.reporters.JUnitReportReporter -->
<testsuite hostname="DESKTOP-FIMAR15" failures="0" tests="2" name="automation_tasks.Automation_Task4" time="26.133" errors="0" timestamp="2024-09-01T23:13:01 IST" skipped="0">
  <testcase classname="automation_tasks.Automation_Task4" name="Verifythecheckout" time="17.936"/>
  <testcase classname="automation_tasks.Automation_Task4" name="VerifyEmptyCheckout" time="8.197"/>
</testsuite> <!-- automation_tasks.Automation_Task4 -->
