<?xml version="1.0" encoding="UTF-8"?>
<!-- Generated by org.testng.reporters.JUnitReportReporter -->
<testsuite hostname="DESKTOP-FIMAR15" failures="0" tests="1" name="com.nopcommerce.Amazon_Application" time="9.140" errors="0" timestamp="2024-07-25T13:12:23 IST" skipped="0">
  <testcase classname="com.nopcommerce.Amazon_Application" name="searchproducts" time="9.140"/>
</testsuite> <!-- com.nopcommerce.Amazon_Application -->
