<?xml version="1.0" encoding="UTF-8"?>
<!-- Generated by org.testng.reporters.JUnitReportReporter -->
<testsuite hostname="DESKTOP-FIMAR15" failures="0" tests="2" name="automation_tasks.Automation_Task4" time="22.638" errors="0" timestamp="2024-09-04T11:13:32 IST" skipped="0">
  <testcase classname="automation_tasks.Automation_Task4" name="Verifythecheckout" time="13.578"/>
  <testcase classname="automation_tasks.Automation_Task4" name="VerifyEmptyCheckout" time="9.060"/>
</testsuite> <!-- automation_tasks.Automation_Task4 -->
