<?xml version="1.0" encoding="UTF-8"?>
<!-- Generated by org.testng.reporters.JUnitReportReporter -->
<testsuite hostname="DESKTOP-FIMAR15" failures="0" tests="1" name="nop.commerece.reports.Read_ExcelData" time="2.053" errors="0" timestamp="2024-08-05T13:03:50 IST" skipped="0">
  <testcase classname="nop.commerece.reports.Read_ExcelData" name="ReadExcelSheetdata" time="2.053"/>
</testsuite> <!-- nop.commerece.reports.Read_ExcelData -->
