<?xml version="1.0" encoding="UTF-8"?>
<!-- Generated by org.testng.reporters.JUnitReportReporter -->
<testsuite hostname="DESKTOP-FIMAR15" failures="0" tests="1" name="com.nopcommerce.TakeScrenShot" time="13.145" errors="0" timestamp="2024-07-20T15:15:49 PDT" skipped="0">
  <testcase classname="com.nopcommerce.TakeScrenShot" name="Test1" time="13.145"/>
</testsuite> <!-- com.nopcommerce.TakeScrenShot -->
