<?xml version="1.0" encoding="UTF-8"?>
<!-- Generated by org.testng.reporters.JUnitReportReporter -->
<testsuite hostname="DESKTOP-FIMAR15" failures="0" tests="1" name="com.nopcommerce.Automation_Task2" time="69.496" errors="0" timestamp="2024-08-30T13:18:35 IST" skipped="0">
  <testcase classname="com.nopcommerce.Automation_Task2" name="Verify_exceldata" time="69.496"/>
</testsuite> <!-- com.nopcommerce.Automation_Task2 -->
